{'dump': False, 'file': '../../etc/data/auto93.csv', 'Far': 0.95, 'go': 'all', 'help': False, 'min': 0.5, 'p': 2, 'seed': 937162211, 'Sample': 512}
✅ pass: the
✅ pass: sym
✅ pass: num
✅ pass: data
✅ pass: clone
0 0 [8, 304.0, 193, 4732, 18.5, 70, 1, 10]
50 0.17 [8, 302, 140, 4638, 16, 74, 1, 10]
100 0.25 [8, 305, 140, 4215, 13, 76, 1, 20]
150 0.45 [6, 200, 85, 2990, 18.2, 79, 1, 20]
200 0.69 [4, 120, 97, 2506, 14.5, 72, 3, 20]
250 0.7 [4, 96, 69, 2189, 18, 72, 2, 30]
300 0.75 [4, 97, 78, 1940, 14.5, 77, 2, 30]
350 0.58 [4, 151, 90, 2556, 13.2, 79, 1, 30]
✅ pass: around
199 199 398
[8, 318, 150, 4135, 13.5, 72, 1, 20] 0.6895221380052645
[4, 97, 54, 2254, 23.5, 72, 2, 20]
[4, 120, 97, 2506, 14.5, 72, 3, 20]
✅ pass: half
 398  {'Acc+': 15.6, 'Lbs-': 2970.4, 'Mpg+': 23.8}
|  199  
| |  99  
| | |  49  
| | | |  24  {'Acc+': 13.0, 'Lbs-': 4521.2, 'Mpg+': 10.0}
| | | |  25  {'Acc+': 12.2, 'Lbs-': 4096.2, 'Mpg+': 10.0}
| | |  50  
| | | |  25  {'Acc+': 13.6, 'Lbs-': 3971.9, 'Mpg+': 18.4}
| | | |  25  {'Acc+': 14.7, 'Lbs-': 3884.5, 'Mpg+': 20.0}
| |  100  
| | |  50  
| | | |  25  {'Acc+': 15.1, 'Lbs-': 3319.0, 'Mpg+': 20.0}
| | | |  25  {'Acc+': 16.0, 'Lbs-': 3279.9, 'Mpg+': 20.0}
| | |  50  
| | | |  25  {'Acc+': 16.3, 'Lbs-': 3017.6, 'Mpg+': 20.0}
| | | |  25  {'Acc+': 16.2, 'Lbs-': 2768.5, 'Mpg+': 20.0}
|  199  
| |  99  
| | |  49  
| | | |  24  {'Acc+': 15.9, 'Lbs-': 2685.2, 'Mpg+': 20.0}
| | | |  25  {'Acc+': 16.5, 'Lbs-': 2569.1, 'Mpg+': 27.6}
| | |  50  
| | | |  25  {'Acc+': 16.6, 'Lbs-': 2401.2, 'Mpg+': 30.0}
| | | |  25  {'Acc+': 16.5, 'Lbs-': 2440.6, 'Mpg+': 30.0}
| |  100  
| | |  50  
| | | |  25  {'Acc+': 16.4, 'Lbs-': 2196.6, 'Mpg+': 30.0}
| | | |  25  {'Acc+': 16.6, 'Lbs-': 2198.2, 'Mpg+': 30.0}
| | |  50  
| | | |  25  {'Acc+': 15.6, 'Lbs-': 2118.3, 'Mpg+': 34.4}
| | | |  25  {'Acc+': 17.8, 'Lbs-': 2109.4, 'Mpg+': 40.4}
✅ pass: cluster
 398  {'Acc+': 15.6, 'Lbs-': 2970.4, 'Mpg+': 23.8}
|  199  
| |  99  
| | |  50  
| | | |  25  {'Acc+': 13.6, 'Lbs-': 3971.9, 'Mpg+': 18.4}
✅ pass: optimize
