{'dump': False, 'file': '../../etc/data/repgrid2.2.csv', 'go': 'all', 'help': False, 'p': 2, 'seed': 937162211}
✅ pass: the
b4 {'a': 1, 'b': {'c': 2, 'd': [3]}} 
after {'a': 1, 'b': {'c': 2, 'd': [10000]}}
✅ pass: copy
✅ pass: sym
✅ pass: num
a: NUM at: 0 hi: 5 lo: 0 m2: 20.1 mu: 2.6999999999999997 n: 10 txt: Num1 w:1
a: NUM at: 1 hi: 4 lo: 1 m2: 9.999999999999998 mu: 3.0 n: 10 txt: Num2 w:1
a: NUM at: 2 hi: 4 lo: 0 m2: 11.599999999999998 mu: 2.2 n: 10 txt: Num3 w:1
a: NUM at: 3 hi: 5 lo: 0 m2: 22.5 mu: 2.5 n: 10 txt: Num4 w:1
a: NUM at: 4 hi: 5 lo: 2 m2: 6.8999999999999995 mu: 3.9 n: 10 txt: Num5 w:1
a: NUM at: 5 hi: 5 lo: 1 m2: 13.600000000000001 mu: 2.7999999999999994 n: 10 txt: Num6 w:1
a: NUM at: 6 hi: 4 lo: 2 m2: 6.1000000000000005 mu: 3.3000000000000003 n: 10 txt: Num7 w:1
a: NUM at: 7 hi: 5 lo: 2 m2: 18.099999999999998 mu: 3.3000000000000003 n: 10 txt: Num8 w:1
a: NUM at: 8 hi: 5 lo: 2 m2: 9.6 mu: 3.8 n: 10 txt: Num9 w:1
a: NUM at: 9 hi: 5 lo: 0 m2: 20.0 mu: 3.0 n: 10 txt: Num10 w:1
a: SYM at: 10 has: {} most: 0 n: 0 txt: thingX
a: ROW cells: [4, 2, 2, 3, 5, 4, 2, 4, 3, 4, 'Chunky:Smooth']
a: ROW cells: [4, 2, 3, 1, 4, 2, 4, 2, 3, 4, 'Mild:Intense']
a: ROW cells: [5, 1, 4, 3, 2, 2, 2, 5, 2, 4, 'SmallBatch:LargeBatch']
a: ROW cells: [0, 4, 0, 0, 3, 1, 4, 2, 4, 0, 'LowCocoaContent:HighCocoaContent']
a: ROW cells: [4, 4, 3, 4, 4, 5, 3, 5, 3, 3, 'Bitter:Sweet']
a: ROW cells: [2, 4, 2, 5, 4, 3, 4, 2, 5, 2, 'MeltsEasily:RemainsHard']
a: ROW cells: [2, 3, 1, 1, 5, 2, 3, 2, 4, 2, 'LowQuality:HighQuality']
a: ROW cells: [2, 3, 2, 2, 4, 2, 4, 2, 4, 2, 'Budget:Premium']
a: ROW cells: [2, 3, 2, 2, 4, 3, 3, 5, 5, 4, 'Underrated:Popular']
a: ROW cells: [2, 4, 3, 4, 4, 4, 4, 4, 5, 5, 'Transparent:Opaque']
✅ pass: repcols
68
|.. 51
|.. |.. 34
|.. |.. |.. Bitter:Sweet
|.. |.. |.. Transparent:Opaque
|.. |.. 53
|.. |.. |.. SmallBatch:LargeBatch
|.. |.. |.. 36
|.. |.. |.. |.. Underrated:Popular
|.. |.. |.. |.. Chunky:Smooth
|.. 51
|.. |.. 45
|.. |.. |.. LowCocoaContent:HighCocoaContent
|.. |.. |.. MeltsEasily:RemainsHard
|.. |.. 34
|.. |.. |.. Mild:Intense
|.. |.. |.. 22
|.. |.. |.. |.. LowQuality:HighQuality
|.. |.. |.. |.. Budget:Premium
✅ pass: synonyms
a: NUM at: 0 hi: 5 lo: 2 m2: 10.1 mu: 3.3000000000000003 n: 10 txt: Chunky:Smooth w:1
a: NUM at: 1 hi: 4 lo: 1 m2: 10.9 mu: 2.9 n: 10 txt: Mild:Intense w:1
a: NUM at: 2 hi: 5 lo: 1 m2: 18.0 mu: 3.0 n: 10 txt: SmallBatch:LargeBatch w:1
a: NUM at: 3 hi: 4 lo: 0 m2: 29.600000000000005 mu: 1.8 n: 10 txt: LowCocoaContent:HighCocoaContent w:1
a: NUM at: 4 hi: 5 lo: 3 m2: 5.6000000000000005 mu: 3.8 n: 10 txt: Bitter:Sweet w:1
a: NUM at: 5 hi: 5 lo: 2 m2: 14.1 mu: 3.3000000000000003 n: 10 txt: MeltsEasily:RemainsHard w:1
a: NUM at: 6 hi: 5 lo: 1 m2: 14.500000000000004 mu: 2.5 n: 10 txt: LowQuality:HighQuality w:1
a: NUM at: 7 hi: 4 lo: 2 m2: 8.1 mu: 2.6999999999999997 n: 10 txt: Budget:Premium w:1
a: NUM at: 8 hi: 5 lo: 2 m2: 12.099999999999998 mu: 3.3000000000000003 n: 10 txt: Underrated:Popular w:1
a: NUM at: 9 hi: 5 lo: 2 m2: 6.9 mu: 3.9 n: 10 txt: Transparent:Opaque w:1
a: SYM at: 10 has: {} most: 0 n: 0 txt: thingX
a: ROW cells: [4, 4, 5, 0, 4, 2, 2, 2, 2, 2, 'Gushers']
a: ROW cells: [2, 2, 1, 4, 4, 4, 3, 3, 3, 4, '3Musketeers']
a: ROW cells: [2, 3, 4, 0, 3, 2, 1, 2, 2, 3, 'HiChew']
a: ROW cells: [3, 1, 3, 0, 4, 5, 1, 2, 2, 4, 'Twizzlers']
a: ROW cells: [5, 4, 2, 3, 4, 4, 5, 4, 4, 4, 'HersheysMilkChocolate']
a: ROW cells: [4, 2, 2, 1, 5, 3, 2, 2, 3, 4, 'DumDums']
a: ROW cells: [2, 4, 2, 4, 3, 4, 3, 4, 3, 4, 'ReesesPeanutButterCups']
a: ROW cells: [4, 2, 5, 2, 5, 2, 2, 2, 5, 4, 'MAndMs']
a: ROW cells: [3, 3, 2, 4, 3, 5, 4, 4, 5, 5, 'KitKats']
a: ROW cells: [4, 4, 4, 0, 3, 2, 2, 2, 4, 5, 'Skittles']
✅ pass: reprows
72
|.. 60
|.. |.. 36
|.. |.. |.. HersheysMilkChocolate
|.. |.. |.. KitKats
|.. |.. 68
|.. |.. |.. MAndMs
|.. |.. |.. 32
|.. |.. |.. |.. ReesesPeanutButterCups
|.. |.. |.. |.. 3Musketeers
|.. 48
|.. |.. 32
|.. |.. |.. HiChew
|.. |.. |.. Gushers
|.. |.. 46
|.. |.. |.. DumDums
|.. |.. |.. 55
|.. |.. |.. |.. Skittles
|.. |.. |.. |.. Twizzlers
✅ pass: prototypes

A Gushers
B 3Musketeers
C HiChew
D Twizzlers
E HersheysMilkChocolate
F DumDums
G ReesesPeanutButterCups
H MAndMs
I KitKats
J Skittles

[ E             C    ]
[                    ]
[                    ]
[                    ]
[                    ]
[            A       ]
[  I  G    J         ]
[      B F           ]
[        H  D        ]
✅ pass: position
72
|.. 60
|.. |.. 36
|.. |.. |.. HersheysMilkChocolate
|.. |.. |.. KitKats
|.. |.. 68
|.. |.. |.. MAndMs
|.. |.. |.. 32
|.. |.. |.. |.. ReesesPeanutButterCups
|.. |.. |.. |.. 3Musketeers
|.. 48
|.. |.. 32
|.. |.. |.. HiChew
|.. |.. |.. Gushers
|.. |.. 46
|.. |.. |.. DumDums
|.. |.. |.. 55
|.. |.. |.. |.. Skittles
|.. |.. |.. |.. Twizzlers
66
|.. 47
|.. |.. 36
|.. |.. |.. LowQuality:HighQuality
|.. |.. |.. LowCocoaContent:HighCocoaContent
|.. |.. 39
|.. |.. |.. Transparent:Opaque
|.. |.. |.. 25
|.. |.. |.. |.. Budget:Premium
|.. |.. |.. |.. MeltsEasily:RemainsHard
|.. 54
|.. |.. 43
|.. |.. |.. SmallBatch:LargeBatch
|.. |.. |.. Chunky:Smooth
|.. |.. 52
|.. |.. |.. Mild:Intense
|.. |.. |.. 35
|.. |.. |.. |.. Bitter:Sweet
|.. |.. |.. |.. Underrated:Popular

A Gushers
B 3Musketeers
C HiChew
D Twizzlers
E HersheysMilkChocolate
F DumDums
G ReesesPeanutButterCups
H MAndMs
I KitKats
J Skittles

[ E             C                        ]
[                                        ]
[                                        ]
[                                        ]
[                                        ]
[            A                           ]
[  I  G    J                             ]
[      B F                               ]
[        H  D                            ]
✅ pass: every
