{'dump': False, 'file': '../../etc/data/repgrid2.1.csv', 'go': 'all', 'help': False, 'p': 2, 'seed': 937162211}
✅ pass: the
b4 {'a': 1, 'b': {'c': 2, 'd': [3]}} 
after {'a': 1, 'b': {'c': 2, 'd': [10000]}}
✅ pass: copy
✅ pass: sym
✅ pass: num
a: NUM at: 0 hi: 5 lo: 1 m2: 20.1 mu: 2.6999999999999997 n: 10 txt: Num1 w:1
a: NUM at: 1 hi: 4 lo: 1 m2: 11.6 mu: 2.8 n: 10 txt: Num2 w:1
a: NUM at: 2 hi: 4 lo: 1 m2: 11.6 mu: 2.7999999999999994 n: 10 txt: Num3 w:1
a: NUM at: 3 hi: 3 lo: 1 m2: 6.9 mu: 1.9 n: 10 txt: Num4 w:1
a: NUM at: 4 hi: 5 lo: 2 m2: 8.1 mu: 3.3000000000000003 n: 10 txt: Num5 w:1
a: NUM at: 5 hi: 5 lo: 1 m2: 13.600000000000001 mu: 3.2 n: 10 txt: Num6 w:1
a: NUM at: 6 hi: 5 lo: 1 m2: 11.6 mu: 3.2 n: 10 txt: Num7 w:1
a: NUM at: 7 hi: 5 lo: 1 m2: 22.1 mu: 2.3 n: 10 txt: Num8 w:1
a: NUM at: 8 hi: 5 lo: 1 m2: 14.900000000000002 mu: 1.9 n: 10 txt: Num9 w:1
a: NUM at: 9 hi: 5 lo: 1 m2: 24.5 mu: 2.4999999999999996 n: 10 txt: Num10 w:1
a: SYM at: 10 has: {} most: 0 n: 0 txt: thingX
a: ROW cells: [3, 4, 4, 2, 4, 4, 4, 4, 1, 5, 'IndividuallyPackaged:MultiPackaged']
a: ROW cells: [3, 3, 3, 3, 3, 5, 4, 1, 1, 2, 'Solid:Gooey']
a: ROW cells: [1, 3, 4, 2, 4, 3, 3, 2, 1, 5, 'PlainFlavor:VariedFlavors']
a: ROW cells: [5, 3, 3, 3, 2, 5, 4, 1, 2, 1, 'Mild:Sweet']
a: ROW cells: [3, 3, 1, 1, 5, 3, 3, 5, 1, 1, 'Disliked:Popular']
a: ROW cells: [1, 1, 1, 1, 3, 3, 2, 1, 2, 3, 'Soft:Hard']
a: ROW cells: [2, 2, 3, 1, 3, 1, 1, 1, 1, 2, 'PlainTexture:VariedTextures']
a: ROW cells: [5, 4, 3, 1, 4, 3, 3, 3, 2, 1, 'Ordinary:Distinct']
a: ROW cells: [1, 1, 2, 2, 2, 3, 3, 1, 3, 1, 'Unappealing:Appealing']
a: ROW cells: [3, 4, 4, 3, 3, 2, 5, 4, 5, 4, 'Cheap:Expensive']
✅ pass: repcols
67
|.. 57
|.. |.. 35
|.. |.. |.. Disliked:Popular
|.. |.. |.. Ordinary:Distinct
|.. |.. 38
|.. |.. |.. Unappealing:Appealing
|.. |.. |.. 32
|.. |.. |.. |.. PlainTexture:VariedTextures
|.. |.. |.. |.. Soft:Hard
|.. 54
|.. |.. 42
|.. |.. |.. Cheap:Expensive
|.. |.. |.. IndividuallyPackaged:MultiPackaged
|.. |.. 57
|.. |.. |.. Mild:Sweet
|.. |.. |.. 41
|.. |.. |.. |.. PlainFlavor:VariedFlavors
|.. |.. |.. |.. Solid:Gooey
✅ pass: synonyms
a: NUM at: 0 hi: 5 lo: 1 m2: 12.5 mu: 3.5 n: 10 txt: IndividuallyPackaged:MultiPackaged w:1
a: NUM at: 1 hi: 5 lo: 1 m2: 13.6 mu: 2.8 n: 10 txt: Solid:Gooey w:1
a: NUM at: 2 hi: 5 lo: 1 m2: 15.6 mu: 2.8 n: 10 txt: PlainFlavor:VariedFlavors w:1
a: NUM at: 3 hi: 5 lo: 1 m2: 18.9 mu: 2.9 n: 10 txt: Mild:Sweet w:1
a: NUM at: 4 hi: 5 lo: 1 m2: 22.4 mu: 2.6 n: 10 txt: Disliked:Popular w:1
a: NUM at: 5 hi: 3 lo: 1 m2: 7.6 mu: 1.8 n: 10 txt: Soft:Hard w:1
a: NUM at: 6 hi: 3 lo: 1 m2: 6.1000000000000005 mu: 1.7000000000000002 n: 10 txt: PlainTexture:VariedTextures w:1
a: NUM at: 7 hi: 5 lo: 1 m2: 14.899999999999999 mu: 2.9 n: 10 txt: Ordinary:Distinct w:1
a: NUM at: 8 hi: 3 lo: 1 m2: 6.9 mu: 1.9 n: 10 txt: Unappealing:Appealing w:1
a: NUM at: 9 hi: 5 lo: 2 m2: 8.1 mu: 3.6999999999999997 n: 10 txt: Cheap:Expensive w:1
a: SYM at: 10 has: {} most: 0 n: 0 txt: thingX
a: ROW cells: [3, 3, 1, 5, 3, 1, 2, 5, 1, 3, 'Gushers']
a: ROW cells: [4, 3, 3, 3, 3, 1, 2, 4, 1, 4, '3Musketeers']
a: ROW cells: [4, 3, 4, 3, 1, 1, 3, 3, 2, 4, 'HiChew']
a: ROW cells: [2, 3, 2, 3, 1, 1, 1, 1, 2, 3, 'Twizzlers']
a: ROW cells: [4, 3, 4, 2, 5, 3, 3, 4, 2, 3, 'HersheysMilkChocolate']
a: ROW cells: [4, 5, 3, 5, 3, 3, 1, 3, 3, 2, 'DumDums']
a: ROW cells: [4, 4, 3, 4, 3, 2, 1, 3, 3, 5, 'ReesesPeanutButterCups']
a: ROW cells: [4, 1, 2, 1, 5, 1, 1, 3, 1, 4, 'MAndMs']
a: ROW cells: [1, 1, 1, 2, 1, 2, 1, 2, 3, 5, 'KitKats']
a: ROW cells: [5, 2, 5, 1, 1, 3, 2, 1, 1, 4, 'Skittles']
✅ pass: reprows
68
|.. 50
|.. |.. 49
|.. |.. |.. HersheysMilkChocolate
|.. |.. |.. Skittles
|.. |.. 59
|.. |.. |.. DumDums
|.. |.. |.. 30
|.. |.. |.. |.. HiChew
|.. |.. |.. |.. 3Musketeers
|.. 62
|.. |.. 44
|.. |.. |.. KitKats
|.. |.. |.. ReesesPeanutButterCups
|.. |.. 47
|.. |.. |.. Gushers
|.. |.. |.. 49
|.. |.. |.. |.. MAndMs
|.. |.. |.. |.. Twizzlers
✅ pass: prototypes

A Gushers
B 3Musketeers
C HiChew
D Twizzlers
E HersheysMilkChocolate
F DumDums
G ReesesPeanutButterCups
H MAndMs
I KitKats
J Skittles

[ E            I     ]
[                    ]
[                    ]
[                    ]
[                    ]
[                    ]
[        G           ]
[     BC    D        ]
[     J H            ]
[      A             ]
✅ pass: position
68
|.. 50
|.. |.. 49
|.. |.. |.. HersheysMilkChocolate
|.. |.. |.. Skittles
|.. |.. 59
|.. |.. |.. DumDums
|.. |.. |.. 30
|.. |.. |.. |.. HiChew
|.. |.. |.. |.. 3Musketeers
|.. 62
|.. |.. 44
|.. |.. |.. KitKats
|.. |.. |.. ReesesPeanutButterCups
|.. |.. 47
|.. |.. |.. Gushers
|.. |.. |.. 49
|.. |.. |.. |.. MAndMs
|.. |.. |.. |.. Twizzlers
67
|.. 51
|.. |.. 38
|.. |.. |.. PlainTexture:VariedTextures
|.. |.. |.. Unappealing:Appealing
|.. |.. 50
|.. |.. |.. Disliked:Popular
|.. |.. |.. 56
|.. |.. |.. |.. Soft:Hard
|.. |.. |.. |.. Ordinary:Distinct
|.. 54
|.. |.. 42
|.. |.. |.. Cheap:Expensive
|.. |.. |.. IndividuallyPackaged:MultiPackaged
|.. |.. 57
|.. |.. |.. Mild:Sweet
|.. |.. |.. 41
|.. |.. |.. |.. PlainFlavor:VariedFlavors
|.. |.. |.. |.. Solid:Gooey

A Gushers
B 3Musketeers
C HiChew
D Twizzlers
E HersheysMilkChocolate
F DumDums
G ReesesPeanutButterCups
H MAndMs
I KitKats
J Skittles

[ E            I                         ]
[                                        ]
[                                        ]
[                                        ]
[                                        ]
[                                        ]
[        G                               ]
[     BC    D                            ]
[     J H                                ]
[      A                                 ]
✅ pass: every
