{'bins': 16, 'cliffs': 0.147, 'd': 0.35, 'file': '../../etc/data/auto93.csv', 'Far': 0.95, 'go': 'all', 'help': False, 'Halves': 512, 'min': 0.5, 'Max': 512, 'p': 2, 'rest': 4, 'Reuse': True, 'seed': 937162211}
✅ PASS Is
✅ PASS rand
[15, 687, 1545, 2022, 2324, 2693, 2758, 2883, 3247, 3533, 4067, 4168, 4469, 4570, 5863, 5907, 5957, 6147, 6440, 6727, 7228, 7517, 7574, 7598, 7765, 7955, 8311, 8379, 8538, 9052, 9189, 9323]
✅ PASS some
1 0.5 0.3
2 0.26 0.32
✅ PASS nums
a 1.38
✅ PASS syms
✅ PASS csv
3 8 4 1.5503875968992247
{'Acc+': 15.5, 'Lbs-': 2800, 'Mpg+': 20, 'N': 398}
✅ PASS data
{'Acc+': 15.5, 'Lbs-': 2800, 'Mpg+': 20, 'N': 398}
{'Acc+': 15.5, 'Lbs-': 2800, 'Mpg+': 20, 'N': 398}
✅ PASS clone
> 1 False
> 1.02 False
> 1.05 False
> 1.08 False
> 1.1 False
> 1.13 True
✅ PASS cliffs
{'lo': 0.0, 'hi': 0.8746495688429434, 'mid': 0.55, 'div': 0.26}
✅ PASS dist
199 199
l {'Acc+': 16, 'Lbs-': 2265, 'Mpg+': 30, 'N': 199}
r {'Acc+': 14.5, 'Lbs-': 3605, 'Mpg+': 20, 'N': 199}
✅ PASS half
[398] {'Acc+': 15.5, 'Lbs-': 2800, 'Mpg+': 20, 'N': 398}
|.. [199] 
|.. |.. [99] 
|.. |.. |.. [49] 
|.. |.. |.. |.. [24] {'Acc+': 15.8, 'Lbs-': 2320, 'Mpg+': 30, 'N': 24}
|.. |.. |.. |.. [25] {'Acc+': 15.3, 'Lbs-': 2220, 'Mpg+': 30, 'N': 25}
|.. |.. |.. [50] 
|.. |.. |.. |.. [25] {'Acc+': 16.4, 'Lbs-': 2575, 'Mpg+': 30, 'N': 25}
|.. |.. |.. |.. [25] {'Acc+': 15.5, 'Lbs-': 2620, 'Mpg+': 30, 'N': 25}
|.. |.. [100] 
|.. |.. |.. [50] 
|.. |.. |.. |.. [25] {'Acc+': 16, 'Lbs-': 2228, 'Mpg+': 30, 'N': 25}
|.. |.. |.. |.. [25] {'Acc+': 16.4, 'Lbs-': 2070, 'Mpg+': 30, 'N': 25}
|.. |.. |.. [50] 
|.. |.. |.. |.. [25] {'Acc+': 15.8, 'Lbs-': 2150, 'Mpg+': 30, 'N': 25}
|.. |.. |.. |.. [25] {'Acc+': 16.8, 'Lbs-': 2290, 'Mpg+': 30, 'N': 25}
|.. [199] 
|.. |.. [99] 
|.. |.. |.. [49] 
|.. |.. |.. |.. [24] {'Acc+': 12.5, 'Lbs-': 4042, 'Mpg+': 10, 'N': 24}
|.. |.. |.. |.. [25] {'Acc+': 12, 'Lbs-': 4354, 'Mpg+': 10, 'N': 25}
|.. |.. |.. [50] 
|.. |.. |.. |.. [25] {'Acc+': 13.7, 'Lbs-': 3940, 'Mpg+': 20, 'N': 25}
|.. |.. |.. |.. [25] {'Acc+': 12.5, 'Lbs-': 4457, 'Mpg+': 10, 'N': 25}
|.. |.. [100] 
|.. |.. |.. [50] 
|.. |.. |.. |.. [25] {'Acc+': 17, 'Lbs-': 2401, 'Mpg+': 20, 'N': 25}
|.. |.. |.. |.. [25] {'Acc+': 15.5, 'Lbs-': 3021, 'Mpg+': 20, 'N': 25}
|.. |.. |.. [50] 
|.. |.. |.. |.. [25] {'Acc+': 16.7, 'Lbs-': 3265, 'Mpg+': 20, 'N': 25}
|.. |.. |.. |.. [25] {'Acc+': 17.6, 'Lbs-': 3425, 'Mpg+': 20, 'N': 25}
✅ PASS tree

all  {'Acc+': 15.5, 'Lbs-': 2800, 'Mpg+': 20, 'N': 398}
     {'Acc+': 2.71, 'Lbs-': 887.21, 'Mpg+': 7.75, 'N': 398}

best {'Acc+': 16.6, 'Lbs-': 2019, 'Mpg+': 40, 'N': 12}
     {'Acc+': 2.6, 'Lbs-': 129.84, 'Mpg+': 7.75, 'N': 12}

rest {'Acc+': 15, 'Lbs-': 3102, 'Mpg+': 20, 'N': 48}
     {'Acc+': 2.71, 'Lbs-': 866.28, 'Mpg+': 7.75, 'N': 48}

all != best? {'Acc+': True, 'Lbs-': True, 'Mpg+': True}
best != rest? {'Acc+': True, 'Lbs-': True, 'Mpg+': True}
✅ PASS sway
all    {'best': 12, 'rest': 48}

Clndrs -inf 4 0.72 {'best': 12, 'rest': 19}
Clndrs 4 inf 0.0 {'rest': 29}

Volume -inf 90 0.69 {'best': 9, 'rest': 3}
Volume 90 115 0.17 {'best': 3, 'rest': 6}
Volume 115 inf 0.0 {'rest': 39}

Model -inf 76 0.0 {'rest': 27}
Model 76 79 0.36 {'rest': 9, 'best': 6}
Model 79 80 0.43 {'best': 6, 'rest': 4}
Model 80 inf 0.0 {'rest': 8}

origin 1 1 0.0 {'rest': 33}
origin 2 2 0.0 {'rest': 8}
origin 3 3 0.87 {'best': 12, 'rest': 7}
✅ PASS bins

Clndrs -inf 4
Clndrs 4 inf

Volume -inf 90
Volume 90 115
Volume 115 inf

Model -inf 76
Model 76 79
Model 79 80
Model 80 inf

origin 1 1
origin 2 2
origin 3 3

{'origin': [3]}
{'origin': [3], 'Clndrs': [[-inf, 4]]}
{'origin': [3], 'Clndrs': [[-inf, 4]], 'Volume': [[-inf, 90]]}
{'origin': [3], 'Clndrs': [[-inf, 4]], 'Volume': [[-inf, 90]], 'Model': [[79, 80]]}
{'origin': [3], 'Clndrs': [[-inf, 4]], 'Volume': [[-inf, 90]], 'Model': [[76, 79]]}
{'origin': [3], 'Clndrs': [[-inf, 4]], 'Volume': [[-inf, 90]], 'Model': [[76, 79]]}

-----------
explain= {'origin': [3]}
all                {'Acc+': 15.5, 'Lbs-': 2800, 'Mpg+': 20, 'N': 398} {'Acc+': 2.71, 'Lbs-': 887.21, 'Mpg+': 7.75, 'N': 398}
sway with 6 evals {'Acc+': 16.6, 'Lbs-': 2019, 'Mpg+': 40, 'N': 12} {'Acc+': 2.6, 'Lbs-': 129.84, 'Mpg+': 7.75, 'N': 12}
xpln on   6 evals {'Acc+': 16.4, 'Lbs-': 2155, 'Mpg+': 30, 'N': 79} {'Acc+': 2.13, 'Lbs-': 349.61, 'Mpg+': 7.75, 'N': 79}
sort with 398 evals {'Acc+': 18.8, 'Lbs-': 1985, 'Mpg+': 40, 'N': 11} {'Acc+': 1.71, 'Lbs-': 192.64, 'Mpg+': 0.0, 'N': 11}
✅ PASS xpln

🔆 {'pass': 15, 'fail': 0, 'success': 100.0}

